<?xml version="1.0" encoding="UTF-8"?>
<!-- Generated by org.testng.reporters.JUnitXMLReporter -->
<testsuite hostname="fewac_pc_24" ignored="3" tests="1" failures="0" timestamp="10 feb 2018 06:53:05 GMT" time="20.309" errors="0">
  <testcase name="amazonAccount" time="4.178" classname="TestCase1"/>
  <testcase name="face_book" time="0.0" classname="TestCase1">
    <ignored/>
  </testcase> <!-- face_book -->
  <testcase name="amazonAssert" time="0.0" classname="TestCase1">
    <ignored/>
  </testcase> <!-- amazonAssert -->
  <testcase name="microsoft" time="0.0" classname="TestCase1">
    <ignored/>
  </testcase> <!-- microsoft -->
</testsuite>
